<?xml version="1.0" encoding="UTF-8"?>
<testng-results ignored="0" total="1" passed="1" failed="0" skipped="0">
  <reporter-output>
  </reporter-output>
  <suite started-at="2025-10-29T14:08:03 IST" name="Default suite" finished-at="2025-10-29T14:08:37 IST" duration-ms="34387">
    <groups>
    </groups>
    <test started-at="2025-10-29T14:08:03 IST" name="Default test" finished-at="2025-10-29T14:08:37 IST" duration-ms="34387">
      <class name="com.flipkart.tests.FlipkartTests">
        <test-method signature="buyProductTest()[pri:0, instance:com.flipkart.tests.FlipkartTests@2f9f7dcf]" started-at="2025-10-29T14:08:03 IST" name="buyProductTest" finished-at="2025-10-29T14:08:37 IST" duration-ms="34191" status="PASS">
          <reporter-output>
          </reporter-output>
        </test-method> <!-- buyProductTest -->
      </class> <!-- com.flipkart.tests.FlipkartTests -->
    </test> <!-- Default test -->
  </suite> <!-- Default suite -->
</testng-results>
